.
./README.markdown
./tmp
./tmp/cache
./tmp/sessions
./tmp/pids
./tmp/pids/server.pid
./tmp/users_controller.rb
./tmp/sockets
./cpio.lst
./lib
./lib/tasks
./lib/tasks/sample_data.rake
./lib/tasks/.gitkeep
./Gemfile
./.git
./.git/hooks
./.git/hooks/post-receive.sample
./.git/hooks/pre-commit.sample
./.git/hooks/update.sample
./.git/hooks/post-update.sample
./.git/hooks/applypatch-msg.sample
./.git/hooks/pre-applypatch.sample
./.git/hooks/commit-msg.sample
./.git/hooks/post-commit.sample
./.git/hooks/prepare-commit-msg.sample
./.git/hooks/pre-rebase.sample
./.git/branches
./.git/HEAD
./.git/info
./.git/info/exclude
./.git/ORIG_HEAD
./.git/logs
./.git/logs/HEAD
./.git/logs/refs
./.git/logs/refs/remotes
./.git/logs/refs/remotes/origin
./.git/logs/refs/remotes/origin/master
./.git/logs/refs/remotes/heroku
./.git/logs/refs/remotes/heroku/master
./.git/logs/refs/heads
./.git/logs/refs/heads/filling-in-layout
./.git/logs/refs/heads/updating-users
./.git/logs/refs/heads/sign-in-out
./.git/logs/refs/heads/master
./.git/logs/refs/heads/modeling-users
./.git/logs/refs/heads/static-pages
./.git/logs/refs/heads/chap11-exercizes
./.git/logs/refs/heads/user-microposts
./.git/logs/refs/heads/following-users
./.git/logs/refs/heads/signing-up
./.git/refs
./.git/refs/remotes
./.git/refs/remotes/origin
./.git/refs/remotes/origin/master
./.git/refs/remotes/heroku
./.git/refs/remotes/heroku/master
./.git/refs/tags
./.git/refs/heads
./.git/refs/heads/filling-in-layout
./.git/refs/heads/updating-users
./.git/refs/heads/sign-in-out
./.git/refs/heads/master
./.git/refs/heads/modeling-users
./.git/refs/heads/static-pages
./.git/refs/heads/chap11-exercizes
./.git/refs/heads/user-microposts
./.git/refs/heads/following-users
./.git/refs/heads/signing-up
./.git/COMMIT_EDITMSG
./.git/description
./.git/objects
./.git/objects/f4
./.git/objects/f4/4c73638bd6be383934b9d31a0e35e6bef629dc
./.git/objects/f4/875942785e7c2bea0e94d6edfea41771ffda91
./.git/objects/98
./.git/objects/98/49c0434135e2cc3a397a6968bfa0129a3b1bbb
./.git/objects/83
./.git/objects/83/4cdfaf48a509ca51d93250fb28dd12e5ea0a13
./.git/objects/83/660ab1878ba9adc6477ed910333e32bb6b46ce
./.git/objects/ed
./.git/objects/ed/15a23ed4b5781d8c68e97b645e781ec9697fee
./.git/objects/3f
./.git/objects/3f/5dec08027ac8d30e3df354742734d9db34c2ec
./.git/objects/8a
./.git/objects/8a/0ccd2390eb44ff7dba569759a044cfe978ff12
./.git/objects/8a/4d38e28fca2a7e59eb08f48a7d5c453df073ca
./.git/objects/aa
./.git/objects/aa/9fe26ba27a9971bc704f53614766008b76479b
./.git/objects/ab
./.git/objects/ab/289dd45397e4b8b7940df990b7c1342152b5a6
./.git/objects/ab/ae6ac4ad7f51322247a0eae9153f7eb7d4302d
./.git/objects/ab/c901cbebc77d53d2807bbe37d37d2c2efe1127
./.git/objects/ab/6cb374de20fe94b208a1f092cce79a7ef6108e
./.git/objects/85
./.git/objects/85/f24915223b93f2a7e468890d917e34f709916b
./.git/objects/9e
./.git/objects/9e/a8ce2eca9ed81c4e0df4ed21c8af9a8deff5b4
./.git/objects/9e/781378656029736983b313d6b71fadaadb83f7
./.git/objects/9e/8c1dfe59de9ede223535a8f35c91c666a1ec11
./.git/objects/9e/8b0131f8ff7e3d3923697eca0b0ffdc77b19ce
./.git/objects/b2
./.git/objects/b2/2ae74251bbdc645cb0f7d0719b14f2ed4d715c
./.git/objects/bb
./.git/objects/bb/66b2154d996a9029416db9a5d61d093982df7b
./.git/objects/13
./.git/objects/13/789142dda61045a03a655bc9569c4a6de91193
./.git/objects/b7
./.git/objects/b7/8598736ebf7a7a2b3b8dcfedc458e1c8cfedf2
./.git/objects/59
./.git/objects/59/9d2fb0e1d8003267b47850bc3ac96c8a94a3ac
./.git/objects/59/a85df9ebf9b5b8fd53bbe524613210eba1bc8e
./.git/objects/59/385cdf379bd06a8d2326dcd4de6d5cd5d3f5b0
./.git/objects/59/f35bcf5e8775dc76bd165642ac9d05d72a718c
./.git/objects/35
./.git/objects/35/8f667e1110041c9c5eb6e966ca52cd0129e92c
./.git/objects/1d
./.git/objects/1d/38a257fadeb8005db7a4bcc1f02c8d15c5ee71
./.git/objects/1d/96d82493a16522f3acb6a503ae9df67eff5b99
./.git/objects/33
./.git/objects/33/6d36a2a4daeb51a8b52f39b739084bd1ffb634
./.git/objects/42
./.git/objects/42/56d12f720918937756394d7456d8af259df7bd
./.git/objects/42/a9b62590351339b45838559a6dff6fcc674e9f
./.git/objects/42/83ed89824f8493f6834c2d8237e0e3e8e4f80c
./.git/objects/8d
./.git/objects/8d/19d39efccc288ecdc220645f19d393a5618d30
./.git/objects/8d/89b0493a900fb924a9fe7279b2d3b16bc585f0
./.git/objects/8d/8e37a3450f6eb9250f225510c1755720e9b727
./.git/objects/8d/9452799babd53419dbfaa722894bf9489ab16c
./.git/objects/8d/d277c6196a10fafcc789b00f55b436aeb8a90a
./.git/objects/40
./.git/objects/40/4fd6f5ae6d03935566c6ad779576c31a9a30d3
./.git/objects/40/525a056a9526e7f3862de03d4b011b0aab9f39
./.git/objects/50
./.git/objects/50/77f8db1c2973b0563a711b0c41f3b7a7645e70
./.git/objects/50/da96894d53e4b6eff8fdd9219dd1852787be64
./.git/objects/23
./.git/objects/23/6f5dc0eb14da8a55778df68b65b0e852d18677
./.git/objects/23/10a240d78bd6361668625f782ada9d71cdd6c5
./.git/objects/23/82c65659d12c992ee25eec817fabf319d5af88
./.git/objects/12
./.git/objects/12/7cf2553d8e7b507a9b5ed6107a1ed0793cf694
./.git/objects/12/da8ed648573ac3c0ba5219aafaf410132a26a8
./.git/objects/72
./.git/objects/72/aca7e441e1855f8c7a7ac1f1cbe5d42cd1235b
./.git/objects/74
./.git/objects/74/f5611dd6cc26e0606a4193d05118d86632d2fb
./.git/objects/24
./.git/objects/24/9a6aa4121104df6a8e58889fba8dc1605da87e
./.git/objects/26
./.git/objects/26/43eeb0a28ec9dd1b603d8d8e4ff583509d4243
./.git/objects/34
./.git/objects/34/3ac5828fb5b1c59a84af4568a385de3bf557a2
./.git/objects/34/53cf2dde5ef5af034abf60c09705ae2abb9b01
./.git/objects/5f
./.git/objects/5f/01595633470d39a0f48ef36ce93d17dbdbee31
./.git/objects/5f/a12b42890cd7f28528c12a149091abdbb60e2f
./.git/objects/28
./.git/objects/28/36935e8f4e0f572bca2d33036f4f5b18b00b1d
./.git/objects/28/264e9729336fdaf9846f60c65d227567f0cb94
./.git/objects/ce
./.git/objects/ce/cc83a73665ebfe6536d25b87f3679ca115bfa2
./.git/objects/ce/bfa63a355f3400d4d7bb1154209f7c69161309
./.git/objects/b1
./.git/objects/b1/b54a90f2bb4c4cfc4cb5490ee6891df3317e3d
./.git/objects/b1/84c53e13562611d6c1c0690427f5685ec95e97
./.git/objects/b1/19143d14e85a8977bf529399205d3b1c085238
./.git/objects/f1
./.git/objects/f1/458d336ac675833b9185796ee4573e20c91900
./.git/objects/d5
./.git/objects/d5/d25471e3f41ada6c0acfccceaa51f25841d534
./.git/objects/d5/2715c08bff4ca5d143c1d82a512406b493dad5
./.git/objects/d5/edc04e65f555e3ba4dcdaad39dc352e75b575e
./.git/objects/d5/694478f734da3a969d4ec26a1ba13e7e1aef49
./.git/objects/d5/64d0bc3dd917926892c55e3706cc116d5b165e
./.git/objects/16
./.git/objects/16/c5a58c77f6f243d8eb85f9811c8215b42f752e
./.git/objects/a6
./.git/objects/a6/3468341a1cc622530358379d19c60b36ef3b54
./.git/objects/a6/c592662513d7ee776307e32a2269ee073fa368
./.git/objects/a6/396c5baefefaba9d386e54155c2bbba650c95b
./.git/objects/87
./.git/objects/87/4f15f92c4741a0b2ffa6d5f9057f7b77da5deb
./.git/objects/e4
./.git/objects/e4/dc2d4bbc389bdd5aee3b1051c7d0a25caba45d
./.git/objects/e4/b05e2cae31c86b8b1abd6b494692f0e57372bb
./.git/objects/e4/cbf2f585a9ada72b787a9029f0c65f8d4dbca7
./.git/objects/1f
./.git/objects/1f/14d3000c6b45f90399e65ef73007dd4d057993
./.git/objects/1f/c8e40ec4b61e1c75833a97e2e8348f7bcb7f65
./.git/objects/b5
./.git/objects/b5/fdff5820fb901114473f51eb4c4ade0aae4c68
./.git/objects/b5/45991a94147c52bb1cba5412335e77f494e85b
./.git/objects/b5/78c13dfef83a823c325a0ed217105d74f05402
./.git/objects/94
./.git/objects/94/40307af92716b28edbe0ab77347c91508c6ca1
./.git/objects/b6
./.git/objects/b6/074d45bed31e7c60eb4970f1d06db4b94f46a7
./.git/objects/38
./.git/objects/38/1525be80af4cf331080ff56096b3aaa6de5162
./.git/objects/6b
./.git/objects/6b/d1a97bb69518905ba77e435bfc27ac62e5fcc7
./.git/objects/6b/0ab826450260965eb30e3d830e0847af0a8a6e
./.git/objects/2e
./.git/objects/2e/53d8248855da9e678b866145a5bea70c7ae323
./.git/objects/c2
./.git/objects/c2/1a1adf194b41aeb8147fb15c131286f69ad625
./.git/objects/4f
./.git/objects/4f/9be83fb69a96ad68e48c159ac76b31468aaea0
./.git/objects/4f/aa3514e0de4ef7528bd68d9f241fee4adf372f
./.git/objects/4f/af2fff8f3ebaee5c01479398e3855f9776e98c
./.git/objects/4f/754480be1fa21163d677cdf1bd3e45737559f1
./.git/objects/fb
./.git/objects/fb/e0090ce2550d417fbb288ba66ae3b95da67efa
./.git/objects/b0
./.git/objects/b0/fa7a87b2bdf3090abfbc5847fdc5db57d668a5
./.git/objects/95
./.git/objects/95/c5122c697d16c002303131babd8b96997edd8b
./.git/objects/95/fe6efb0e7d02cba382e675b0747ee9a9cf2f45
./.git/objects/95/22ce02b1030b03bab2d5e84b90058e0d22240c
./.git/objects/95/ee70acb49be049c78b87b9831c470036651bae
./.git/objects/0f
./.git/objects/0f/dd1273d4d2b8898028f0bcb20c123f428b3f3d
./.git/objects/0f/0afce5c2969965f88b51263ae94b51160fe432
./.git/objects/d7
./.git/objects/d7/7904b0bf4298a16a921e2e403f91169d7655d7
./.git/objects/c9
./.git/objects/c9/6977496301b1525d93f6be7753216ff0748d4c
./.git/objects/0e
./.git/objects/0e/e574296f1b675b5aabc33ce94238fda0d35161
./.git/objects/0e/b8dc5e6b278f1dcae2f8227ad7c52c46bf353a
./.git/objects/0e/943679a9bdbace80b5faa96cc80291ca4658ff
./.git/objects/32
./.git/objects/32/16a261ff42a50a822cb997c60cdefb190cdb77
./.git/objects/21
./.git/objects/21/de4a8d5aaa6f9af399c474d28ccf5116c81742
./.git/objects/62
./.git/objects/62/aef4c40b2deef8a98f33f5342333189de842b0
./.git/objects/62/a5ea5e6fb250a97abd3348d7b909f1678d5432
./.git/objects/11
./.git/objects/11/f948ffb144244f32c28e7c040a99e16094808e
./.git/objects/11/1a2eaf2e0cffaf747d1d44d2f72d5fe0a1a64a
./.git/objects/11/d632f83f07a4cccf0a7249f2728d99264cbf2e
./.git/objects/11/e8f5316b68ec7d3184a49680da051d2c49568d
./.git/objects/11/a6a5eba67d71562a182908503f8efd987ea76c
./.git/objects/e3
./.git/objects/e3/de341670fb2208c9f30d3b2022da67e0f0c138
./.git/objects/info
./.git/objects/5e
./.git/objects/5e/cc87d0d875deb318e68b45829246623d9b531a
./.git/objects/5e/c013798d19a8154893e02a65996d0155e84e17
./.git/objects/5e/89e8a304746caa5a935aab25c5bf5cb5f73fb0
./.git/objects/5e/49540cac5ab9406de8e7c98a58e7c841f87689
./.git/objects/1c
./.git/objects/1c/5c68c70e76a3f26bc7ac1f6f1c78dcf75298ac
./.git/objects/ea
./.git/objects/ea/39fb02f955c02a07929f33cf8464dd45ba4fe3
./.git/objects/ea/782f8cb0f2548262714a03b119441d98368e4d
./.git/objects/a9
./.git/objects/a9/9d5d9fba084f4b3d19d3fb5072300b541cfc49
./.git/objects/a9/925a06ab02db30c1e7ead9c701c15bc63145cb
./.git/objects/a9/d5e4f8cc75240f6e6bbb9e73466a9e3effb610
./.git/objects/e1
./.git/objects/e1/53afdf0dadf71d28ea6ee309ff3fe462fd7e3a
./.git/objects/61
./.git/objects/61/a5371437013b59312a41fe4732cfcc54ff5330
./.git/objects/61/f260b7197b284b6158f5cc97f97b66dbe01a8f
./.git/objects/61/1fca3b1a8c6ed09d2f6467b8b0a1477c073b45
./.git/objects/cd
./.git/objects/cd/f3c758e80d95d203797b6cc0bbfd0411ee08bd
./.git/objects/cd/ea25ca9523668cd649fe8823540a1e2d31b23b
./.git/objects/f5
./.git/objects/f5/4de501efd62772719e5d9b56a5e0c7eaa4f2cb
./.git/objects/f5/0fc7b8b7ff60ffac6d8f1f98298e3b3b3c8ca7
./.git/objects/f5/acf4c2743b1d7e81917a1d3ed6c54c1635b673
./.git/objects/f5/491c2323e75b9df95eb3c8f5a1cd064bc35a8b
./.git/objects/f5/f693777e342ed7e5a36ec878116a8104431f45
./.git/objects/57
./.git/objects/57/003a9da8f4d3d375e4f632391122a366bae498
./.git/objects/82
./.git/objects/82/7fc38f9bbbcf56c9344a3965ae93b8c1000afe
./.git/objects/82/930a581e66c5f01cb664c6c65018549f2719ad
./.git/objects/91
./.git/objects/91/0485289ead8326b74aa5d1bb58ded6312b7df3
./.git/objects/91/c62c0fc148ed47c2d26e7ec5047f987ef53359
./.git/objects/2c
./.git/objects/2c/057fd05451d46274bd4615fef38910583c108b
./.git/objects/2c/3f5280397073981268398a8d6e8fabfc16dedb
./.git/objects/2c/40f9116c8f5d5e9904dae05eecd543e57a5cda
./.git/objects/e6
./.git/objects/e6/9de29bb2d1d6434b8b29ae775ad8c2e48c5391
./.git/objects/e6/b062d0bb2aaae0bc7425c5571ef69e09735b3c
./.git/objects/7e
./.git/objects/7e/3a25a996e1f3ac6907e7cba765c4d3455e9d7a
./.git/objects/3d
./.git/objects/3d/3aeec1db583dfbc3b25113e47351ae95c972ac
./.git/objects/3d/fa93070631158f7e643c22db5a00c754ccfb8a
./.git/objects/7a
./.git/objects/7a/ccf1b341e7adc2b092c7447a3869744974f1b5
./.git/objects/7a/9b12cae69936d8f5588a584f70c6841b51f4e8
./.git/objects/a2
./.git/objects/a2/64bdf66a6db06fcee02e5b166f9d103ce2a97f
./.git/objects/70
./.git/objects/70/4fd980268bf6bb674dac27dbd2ec20041dbe6c
./.git/objects/70/667e0accc7532ebef03126288df57ad16e22fe
./.git/objects/8f
./.git/objects/8f/bea7c734ffe4cddcb610b83459ae59c09e7468
./.git/objects/8f/8095e46fa4965700afe1f9d065d8a37b101676
./.git/objects/1a
./.git/objects/1a/6f44e26d2d7d78da6a41c5c7a570b2a9417828
./.git/objects/19
./.git/objects/19/ffa58512928b9c85d935d5346e1b692bd76004
./.git/objects/e2
./.git/objects/e2/0a763929d925ca2aa58ae62f01f7238b87b2ce
./.git/objects/e2/27a8e1d682c8f1907b0430c2c22e830a9f6be7
./.git/objects/0b
./.git/objects/0b/1575638c039b2888ac5ac3eeb3f49ffec380f8
./.git/objects/0b/1ec067a9957a0d534c33a13009dd2bf74cc650
./.git/objects/8b
./.git/objects/8b/3c281709ef4f88ed2d4f7a2c37392f254eab36
./.git/objects/05
./.git/objects/05/2d94f575a136277435598e575dfda6bc71d581
./.git/objects/7d
./.git/objects/7d/536226fa9eab313febc2eca99555c66b3e5684
./.git/objects/7d/2c2675c9f447dbef6255ec1dbc601a7a02b2d4
./.git/objects/7d/b7eb5e62fd56db7a91e22498f3a3824354acde
./.git/objects/7d/43f589047725add7fa819d8d689ec852ccde1c
./.git/objects/f0
./.git/objects/f0/1c58bbb890e3be9445d9bf6f33e6da922492de
./.git/objects/f0/1418eddd77c5cc0482ca3a88d36945fed7bab7
./.git/objects/0c
./.git/objects/0c/bc5876d630139a6f4454cf5ee5650deaff917c
./.git/objects/af
./.git/objects/af/64fae5e7184715b9a62132e126bf892c116609
./.git/objects/af/667771c261c6ae2101b60549013fe01d9fe7c8
./.git/objects/08
./.git/objects/08/61b945fd90ff1514f89c30adfacf6f20134719
./.git/objects/08/5187fa58b1631e955f5d514d895a7721466797
./.git/objects/08/9c769e1b0e9fb453ba3a4b250f53e020acaa1b
./.git/objects/75
./.git/objects/75/1122aec69ded25c838e1b0a41e69f3d31207d7
./.git/objects/75/d5edd06dbc295c70e1b2693a34666c977bc35e
./.git/objects/75/da3a3c070557a79a1c14156beb96fac877a7a1
./.git/objects/dc
./.git/objects/dc/4c3cb5cedb0744cdd6f1525d383075d70ded9d
./.git/objects/cb
./.git/objects/cb/c516e1955b39c8a3ca696807872a7d1a26a7af
./.git/objects/cb/30b172649ed70ad0de1eea3aa4ce7fc1b5a465
./.git/objects/02
./.git/objects/02/0cdb101cdcf3ba3455d8b56022f01207645d2d
./.git/objects/02/5d62a8d8102735fade34d52f66f95c3d46e0a6
./.git/objects/02/6dab184f5be130ba7577c405650a0ad73fd95f
./.git/objects/b4
./.git/objects/b4/e686012569e899039cfc3db2222c0552b14ad5
./.git/objects/b4/513b90780590c55aadae00d11fdbd132be93ed
./.git/objects/ec
./.git/objects/ec/b08e3b4342867fea4b92e1bdb6abf88c596b45
./.git/objects/ec/8d3eb08799f3410b21e3bb0783e28faed6deda
./.git/objects/c5
./.git/objects/c5/c647c94da704d575f465d15eb2eac923bcb67e
./.git/objects/c5/dbab99bb94a6e68155d366da68813cdb461c0e
./.git/objects/48
./.git/objects/48/c2a585d4df733fd15ea93c172a89754b342589
./.git/objects/48/6454aeb30c5d527c37be33c77472c9d195ceb7
./.git/objects/48/e66ded0d02e984725a786fb3bce2b71ff1b66e
./.git/objects/48/e03171b42d6d88f4c621a82b36dbfb212760a5
./.git/objects/48/80724426fc8d50e79e186f91bbb3eb1cefc3d6
./.git/objects/e7
./.git/objects/e7/782142065044a9aaa1be6c11a5ef3965d9b23c
./.git/objects/e7/f8313ec77b78b91c5e898f1eabfee2e8dfec2a
./.git/objects/e7/422b9371a28c7eab3f247343e5791bc31acb41
./.git/objects/5a
./.git/objects/5a/65edf5e1c422710b1912fde0a4ce65a59aab08
./.git/objects/d4
./.git/objects/d4/3aa30ec465f3e25b9c8d42ad947699e7ecd68a
./.git/objects/d4/2a6c32c173bf067ee9fe1aa062afd915fb366c
./.git/objects/d4/4233ab746750ab5e7222bf8563d7516ca376ba
./.git/objects/92
./.git/objects/92/a39ab1b9f83462304acfcd81f428b607e5c08b
./.git/objects/9d
./.git/objects/9d/0c15fd15aceee0ae0dcd5f684b76435e18d3e3
./.git/objects/c0
./.git/objects/c0/da9b91bf846fee6e5965c1a5f562a0efbdcebf
./.git/objects/c0/5fd0713405ed14cf54475dff09764a593f4887
./.git/objects/79
./.git/objects/79/f35ccbdad44489dbf07d1bf688c411aa3b612c
./.git/objects/79/369c89ae5ea9d97cdb8f9263732c9adcf919cf
./.git/objects/79/d197759ac81dabca44f8459807e56e4d58ce3e
./.git/objects/fe
./.git/objects/fe/4577696b2811818fe7439990be0d2f65a892c5
./.git/objects/fe/41f5cc24d667635c46a533fd09bf7bb514e032
./.git/objects/fe/2e08944674f5f0ef84ee171c773622d637b6b2
./.git/objects/fe/985e4ccd956a0d0250ca2e1f6772b901b1258c
./.git/objects/c4
./.git/objects/c4/fd8315c95fa182be208df48d5936318272358f
./.git/objects/c4/2999ebe39615bbf18bc5e77598c80480733f63
./.git/objects/c4/0094fa5c43e9fff47d0d237898b28128eeaf60
./.git/objects/18
./.git/objects/18/b7af3afe8648e9cf11d9110cd98d92c341ac41
./.git/objects/c3
./.git/objects/c3/008ba69c79625b249df0a1336afba4b93ffe7e
./.git/objects/c3/c26665735f10a4c11a1e1a3a85f62567d33d07
./.git/objects/7f
./.git/objects/7f/93d0e4f4f82ac0c2e46bb77493370fd0993767
./.git/objects/55
./.git/objects/55/0b8227a2f65dedaf54f9bb773422fb0bf2b750
./.git/objects/55/94fe50ed067c9169da01e8c8dc0ba0c000d6ee
./.git/objects/55/f92f395642e8343926964d63eb0996670875bd
./.git/objects/55/64c402ad05d96aba5c7c7316014d9efdd5e6fa
./.git/objects/f3
./.git/objects/f3/bb1c9c8527ea185da399bd4e3d74859ad343f2
./.git/objects/c7
./.git/objects/c7/e022ab17b52c1f384f970262219a5bce41ea87
./.git/objects/c7/88f7b353ca8a2c4d04e7da6d01a7d87fea7891
./.git/objects/c7/462d65cc7d654f4d99778ecc7946ee5f1e56f5
./.git/objects/58
./.git/objects/58/f53aaa0e8b40ed17af109259e2f63406c5b3f9
./.git/objects/58/90d0464b650c4bccb65f35062366d4dba0ab41
./.git/objects/58/e6ea6d287942254a34622aafd6d15e828ec6c7
./.git/objects/ee
./.git/objects/ee/a9d2c4974e18e1a963137578201f7b4590d5c4
./.git/objects/ee/d58d641946ad5a0cac20404032899293927db6
./.git/objects/80
./.git/objects/80/5ba7b3319a345d7d2169c2f755e53b1425020d
./.git/objects/77
./.git/objects/77/7ad12b505fdd14554ab7782b563ba8018dec5f
./.git/objects/77/008d48ccc7b081d98d4e59810194595b0cdef1
./.git/objects/77/c382f15073cf9b70043411e8682cbd078721ae
./.git/objects/77/15e89b60eb2da519e1cc0f9f1f3a51ad3354ea
./.git/objects/9a
./.git/objects/9a/48320a5f1c025b6cc9819ab539a6d17fcbaf81
./.git/objects/9a/eab62ae58df9181c0098cc6bc379ccd2e0199c
./.git/objects/9a/6d84a35b2adc97e67f9bdcc8eb7f17f49b48d9
./.git/objects/fa
./.git/objects/fa/9c6653a8b8ed977fae000234406123b68ba1fc
./.git/objects/7c
./.git/objects/7c/177fcd53ba69fa2d04d22bd6f962f85c577735
./.git/objects/7c/0d3befa5df1fee803af4830fc3c4bc26a147c6
./.git/objects/ca
./.git/objects/ca/699d5db44a225c7fbae9b433c9f56f7a8b78d9
./.git/objects/ca/17e910caeefe409783497503c228ebe2161213
./.git/objects/67
./.git/objects/67/2f712154d3ad392521bd0c8b950e3d2ab48f5e
./.git/objects/47
./.git/objects/47/1c09d72d02ae27806ebf6d324b5c1dd33742ad
./.git/objects/65
./.git/objects/65/69eb9bf4f67892061c8efe969edfde17830a0d
./.git/objects/65/16a40807b9389f6a37bd0890d20427c945a9eb
./.git/objects/65/e2fda72e263a3264d5c56d151bfbbbbd9d22b6
./.git/objects/e0
./.git/objects/e0/2ca5a6403704a6a89ca3024725b2f8ab84d6b1
./.git/objects/49
./.git/objects/49/2705717200697feb9e8ceea8b1582180681fd5
./.git/objects/49/06c87f8cad6e7ad0e2ca9a75c7c8db72acb7e9
./.git/objects/00
./.git/objects/00/54374f5c209a8e35c4845167d5d828f12f5861
./.git/objects/00/25234c595dc70e1eb591d1ee46e45ec708d9d8
./.git/objects/00/a2a43b42b7cceba7e8f20900bc5af455923c3e
./.git/objects/dd
./.git/objects/dd/685b9ccf50e3bbea9eb6beac3fa812e55550b8
./.git/objects/dd/e6e53377490d0c71e562bfad9b0f1bf39bb988
./.git/objects/dd/b53cd60539ed8934b00d63a61fa83d97397382
./.git/objects/86
./.git/objects/86/a7efbd82f5029eb4e52676b31054908ec951b3
./.git/objects/93
./.git/objects/93/badf95405a7f604556efa5445e3cdd403112a7
./.git/objects/d1
./.git/objects/d1/ab6941286fcf79c6b33019e4ef02f7609b2f46
./.git/objects/6f
./.git/objects/6f/f59f414058aac889cbd9485a692f52964874e9
./.git/objects/6f/9fbc47697dc7bd04cd52460f7d931c3ed10455
./.git/objects/6f/ef3cae1eab30cbcd8f8c837379014553f951d1
./.git/objects/6f/f43e7c5fcd8f28e652af45c7503827f162ff00
./.git/objects/68
./.git/objects/68/507e3868f7c289872b701e89b22dbd15afcaa6
./.git/objects/56
./.git/objects/56/351201362bdc175389569f22ff7215d63ddbf1
./.git/objects/64
./.git/objects/64/79838111ca2111f07634118865e87e380d9c97
./.git/objects/15
./.git/objects/15/824e3eee107f12e698b781cb29ca2c76c02d19
./.git/objects/15/c6dbca68ba56e5862fc38d2fd74e29aa699744
./.git/objects/15/c7d7533e01d4857281fb3058b0a1f02d2e5c53
./.git/objects/15/9832045c447ba606c0c1cd71be5f8e3e91787c
./.git/objects/15/4705c6aa1c8ead8c99c7915373e3c44012057f
./.git/objects/15/14d51a3cf1b67e1c5b9ada36f1fd474e2d214a
./.git/objects/41
./.git/objects/41/ddf67541ef6facfdc78524f3edf6a19310faab
./.git/objects/fc
./.git/objects/fc/424ffdde55ea88e62c9fc53a73ef1fa36d3cdc
./.git/objects/fc/93cf26241efe37f0c7d716736889b42947702d
./.git/objects/fc/4dc649002bfe0ea2fbd01e552c6352f23618cd
./.git/objects/06
./.git/objects/06/249a6ae37d5fff9e1b629b5544d4d9e044549d
./.git/objects/06/9dfcb5c271c1734a40686c02b248dc504f272f
./.git/objects/06/21dc1f9a5a6d7a7b86b705cf4c32cb7f86bab9
./.git/objects/3b
./.git/objects/3b/922c817d7bd079e5ca65581e0a38d86bac7e90
./.git/objects/3b/27d5dcf8d81fcfb40e523ccde5c4c38c261dd0
./.git/objects/60
./.git/objects/60/653405f682b205e754165cb66b9173a159fba2
./.git/objects/60/cc7882922e3cb86af5b050645654da2041867a
./.git/objects/60/be6f79f3c1af65cb3bafa9701d90b20223afe5
./.git/objects/60/e6ddce28fa8c47e2fd47a3b6044e6f9e9bb2f6
./.git/objects/9f
./.git/objects/9f/318be714ca9ddc28e248361447d8323b5b9f31
./.git/objects/9f/3fee4a165e3858a8f8e3f71deae0f1d9c777a5
./.git/objects/25
./.git/objects/25/e1ae484da1b24d3bcb8c191de5c7c571432123
./.git/objects/25/491dc0e5a58d0b8479de96c55296cb681f55a5
./.git/objects/bd
./.git/objects/bd/8ab701c3b15433495f5d34c54e1300180f60b9
./.git/objects/bd/83a41c8237e394e5e5a14b6fc43ef5c77e6e44
./.git/objects/ef
./.git/objects/ef/8831192959ca5bb6014a118502a88070b24336
./.git/objects/a3
./.git/objects/a3/7ff702c2de1f10aa6382fefeca786b34e2e630
./.git/objects/4b
./.git/objects/4b/de94190ba65e1e2b75f508b33ff4f39928649e
./.git/objects/e9
./.git/objects/e9/8c9e91f5940d9e09f01f5be0efaa8c3331d3ac
./.git/objects/2b
./.git/objects/2b/ad8f0c1e56e439e395aa4e7f27c37d639d9a9d
./.git/objects/2b/a55bd4bcb6e24b11cdc9098dd4d42a4e7f0efd
./.git/objects/f6
./.git/objects/f6/c831c6e0ebf81e97050f4afaa83986a7e5f63e
./.git/objects/ad
./.git/objects/ad/38d916ae0d037023910d812881515f77a1b329
./.git/objects/89
./.git/objects/89/d9d6866828b1efa021724f0f6797907da2e97f
./.git/objects/89/cd0f342d4ede2d2a885147a93a4b5a52d04ee1
./.git/objects/89/3342a0e3c03d5a893a6118e74fbe7fc20eacfb
./.git/objects/20
./.git/objects/20/737b0747ff874a7207e84d095bd28bb7994de0
./.git/objects/36
./.git/objects/36/22bd9d43803d057c9d1776b52eed0b6cfafa90
./.git/objects/14
./.git/objects/14/17c4c63c928d7e75fee24f319522baf1c206ec
./.git/objects/14/9603a221f6acc5f7f3dbed925fa2246906dcca
./.git/objects/63
./.git/objects/63/f201cd99644e35f50d0c76b435059f6db25557
./.git/objects/6a
./.git/objects/6a/086165ce14c6afcd84c8f076994ce955441b5f
./.git/objects/30
./.git/objects/30/ac2c85b21c908cdf372fbc2e39d49ce3fb0884
./.git/objects/30/a64773fae54195e32fd5b9782a95a20985cc4e
./.git/objects/30/f5577e661a903700fe41de598469987b68469d
./.git/objects/be
./.git/objects/be/b21190988a994b0fe3c2b922f2ca079d6de44e
./.git/objects/pack
./.git/objects/31
./.git/objects/31/b83ad9741b1238d9601edeef2a09721c0db039
./.git/objects/31/c886f9298f5bd5d92012fb26a124e6bee8ff80
./.git/objects/31/5c4f4fa62cb720326ba3f54259666ba3999e42
./.git/objects/de
./.git/objects/de/6be7945c6a59798eb0ace177df38b05e98c2f0
./.git/objects/de/b50480a7c184020b2d8a5a90c42b20b5232e08
./.git/objects/d2
./.git/objects/d2/e641646135134b363dbe8a335f7648c3345b15
./.git/objects/a0
./.git/objects/a0/23f5728f38e3b5f272f3ed608f44ac3aa242bc
./.git/objects/a0/f3dec335cdaf6a9efeadc607b8e72e23ee4d0b
./.git/objects/a5
./.git/objects/a5/5ddd89f1ec3755583f9cee8dbe0e58295357a7
./.git/objects/a5/79e9424244743dc1054bc32dd72dce5cb9a761
./.git/objects/73
./.git/objects/73/48aed77fe6a64c2210a202f12c6eccae7fcf24
./.git/objects/73/3d911f99cf31dcd899a52fe6bd59dac47efb07
./.git/objects/73/92fb664c08a6350e59eb6ac6bc2013af03428c
./.git/objects/73/82c89091dbfbcd3e994351c7a52837084aebe0
./.git/objects/6d
./.git/objects/6d/081a32e725f01155b2e7d5ba31c67d29c6413b
./.git/objects/6d/4bf3c1e0833fec14df164a7d74546e8c638766
./.git/objects/97
./.git/objects/97/fe1f752a185ea1b5cc903b92f8d786a05c8dfa
./.git/objects/a1
./.git/objects/a1/016b3006c47a3135664a0ba33f3b66480ca3d0
./.git/objects/a1/35068c6aa3df68c84868b993a6f21003fa0887
./.git/objects/b8
./.git/objects/b8/0307fc1664db7814f02603257704f9873d9e67
./.git/objects/ba
./.git/objects/ba/02af8814588852d38304cd6bcedb5dd02c3a8e
./.git/objects/ba/04e69e735f4b91f86b5b472fd1899587f1b01d
./.git/objects/ba/5b0d1364499b233c5bc2c75cf6624a8b74c0c0
./.git/objects/4a
./.git/objects/4a/c82520570a5a4597251d08625fda922a20c4e2
./.git/objects/4a/d34df352172f06cbe2d77e6e7e4a51bddece43
./.git/objects/e8
./.git/objects/e8/37df5a22f5c065a5e40e0f0f9944e23ee9ca03
./.git/objects/e8/065d9505d7ec6f727021c827de18a0a95737de
./.git/objects/43
./.git/objects/43/4f72d9eaf900b50c9d531a52f735e0f7774338
./.git/objects/43/81c2be4a3ea17dcf147568b16a798f8839b248
./.git/objects/43/269745f92980cad3797a556fdb7635b7102c07
./.git/objects/07
./.git/objects/07/0580223bf0dce79e0e9d801934cc558045f5d0
./.git/objects/f7
./.git/objects/f7/5f5fe3a2c52b06566085fe54b7bc476aa1bafb
./.git/objects/f7/aac51a97d46fa82041812e71b3a13cd61a21fc
./.git/objects/f7/815cdcf65d7aea8a0823a9c7735ec94c77ef75
./.git/objects/81
./.git/objects/81/8151d1076a1ba003ebc5155e46be60ee02bddf
./.git/objects/f8
./.git/objects/f8/da2cffd4de029d658fe2f7b9ec88f28dc34a9a
./.git/objects/f8/eadc28ac0c6907ac39959ba9e11e5cf7b9e86b
./.git/objects/2d
./.git/objects/2d/0a327d6638691fde5af2da5f566c2b6fb39d9c
./.git/objects/2d/087fc3c0c90c9c100f12796a61b6d96502b350
./.git/objects/2d/650e134b4b35642bd5a2443284ff6f5df36754
./.git/objects/c6
./.git/objects/c6/32f964ee3e5a1bc8c311b34e8e1ea7b67ff5f3
./.git/objects/c8
./.git/objects/c8/1e6c7d5f4bbb060089311f622bac99a41f6b5d
./.git/objects/b9
./.git/objects/b9/1b2d17a52324560b4e6ad94fd8d7ac88996204
./.git/objects/b9/77d7e52e2446ea01201c5c7209ac3a05f12c9f
./.git/objects/09
./.git/objects/09/d25df953c325d4764ab09aafae8ec290aa8d51
./.git/objects/09/eeafba991179484b1f4079093bad646146c797
./.git/objects/09/793b86ba3bcaea900c2a4594723ae03f31b46c
./.git/objects/44
./.git/objects/44/73a5ba52c7d8dbea64c5c26b49a519716a2007
./.git/objects/d3
./.git/objects/d3/d670a7b087cdb60e2aa66c8292fdc9f050b0a5
./.git/objects/d3/06d5fd4bd8959373249f5802518108325abc6f
./.git/objects/d3/f5ec35e670be8092fc4360b86f249745e52d37
./.git/objects/d3/e7879eda3dcb3961dfe622c6dbbe2c0b3cc2a7
./.git/objects/9b
./.git/objects/9b/2320d982b96a96ed8f76c7081ade1e54928fa4
./.git/objects/9b/dbb84be49218738eb2a9a70b607a4fa08a420e
./.git/objects/9b/b7cc0065c8332a0bf8f389c44319e737b05f10
./.git/objects/f9
./.git/objects/f9/b9a394c3b2885c3fda9d5c4ec6fa2c42bca504
./.git/objects/f9/03eb1ae43331557bafe2da3a2beea5ca6928ea
./.git/objects/f9/e8467e20a50d3db3787dbaf7379648529f478a
./.git/objects/f9/c016dae5a79e9e8f55f02e7ea948bc70a536b5
./.git/objects/f9/566d551748db799ea98ed8d07956af4f93d73a
./.git/objects/f9/d190fb6b9418a1fc7ea0e699a7e773f637078f
./.git/objects/5c
./.git/objects/5c/8f284f66158d759d74eac01aaed6c6d25ba713
./.git/objects/5c/bb94dd5ca1796ae6a677d4b858a4e02f36a51e
./.git/objects/2f
./.git/objects/2f/e1d03a451a3693acc4be17d99433264914690c
./.git/objects/2f/5cf0c69f4fef432201d46eb3ebe623ae2257c8
./.git/objects/78
./.git/objects/78/ad6b0ee6f026f6bf4e01a6703c7bae2e3b37b4
./.git/objects/51
./.git/objects/51/fd21ff81395eb452d67426998b7951121fe7a3
./.git/objects/51/2be42f4efc35c0887dad7d8e271c0ad40d8a07
./.git/objects/51/e3d3ea9cba503063d2d00e2628cd4bed9925ff
./.git/objects/71
./.git/objects/71/1d3bb63c2658dea733d78f493300fde1516f91
./.git/objects/99
./.git/objects/99/64128d360b905439d45640e7777c3218b31014
./.git/objects/fd
./.git/objects/fd/8294e3d1eb1a59170d4dcfc61feb8a66620b64
./.git/objects/fd/8787fadafbd3a96e26654b41b83beb9fe66d2e
./.git/objects/cf
./.git/objects/cf/2a9be2903b6aa34195a9e0512bb990175cc61e
./.git/objects/cf/c11bcce5fa4d9900343ba019322ad23d899536
./.git/objects/cf/b6120834fa59cee16ce5116e5941cd6ba8adbf
./.git/objects/cf/1cfb42687a8ddd637139eb8ff83e8d03e91a0f
./.git/objects/4d
./.git/objects/4d/e2e2455ed1d6f373ca733051006da76b75b9fc
./.git/objects/4d/c4bc2ec36be0837d132293d5541b30ec898723
./.git/objects/4d/329ce72a5a91cc07a19cbf9f74c17524f4beca
./.git/objects/4d/c7282fc2602eae678013348c28cd93cf1d1ce3
./.git/objects/66
./.git/objects/66/4d8c74c881988e55df276a81f50d1d25b8d262
./.git/objects/66/439e058de4f5fafcd1d1a53d01888ffe4819fe
./.git/objects/66/9b4d8eb02c41f1c6a40eeaa9b5160de757d378
./.git/objects/eb
./.git/objects/eb/f206def2729dae1fa9e8c5c9e5a95b7176c45b
./.git/objects/da
./.git/objects/da/94bd79eb3d0feb98135c7923236ad60d691be0
./.git/objects/a7
./.git/objects/a7/47bfa6987b7bec1bf149ecc5bb8801d5e25e34
./.git/objects/a7/aedb0306935fc1bac4fd8cb84e4f51068a3afd
./.git/objects/a7/2876fb4435426cdc2953ee0c0047e7b6585672
./.git/objects/a7/6450e36604e194712efb3ad13d816e1a485378
./.git/objects/3a
./.git/objects/3a/2e4c18a7c49860be57620528fca3b96550c5e4
./.git/objects/4e
./.git/objects/4e/1d492adb5ab7db6835566c58a62a38130223bf
./.git/objects/4e/435e4e96d701d3ea46700337ff1c6c191b37c3
./.git/objects/10
./.git/objects/10/49cc83b4ca6da9758a5293ebe38de36ac5322e
./.git/objects/1b
./.git/objects/1b/38ffccb1fc70fa1a1b63b85532bc57cabe3cba
./.git/objects/7b
./.git/objects/7b/b228aef8f708182bd44a4ce1d7fef8299bfa93
./.git/objects/7b/4bef9888f801352496133663604876f9415d0e
./.git/objects/6c
./.git/objects/6c/6359a30fead4363b4048c09d3b560d932d9223
./.git/objects/6c/5bd7c1a0ad3b5e8e9f13fe19c932eff7e83ffa
./.git/objects/6c/d1cd6767fb380bae0284d4caae7cb81c65da5b
./.git/objects/46
./.git/objects/46/45195d25c351125729a28e8054577af2931884
./.git/objects/46/0bef898fd7cf9f3acebba231f3f91c3e1b0df4
./.git/objects/c1
./.git/objects/c1/d1d271d82be4f75099c8fa83f694da42db03ab
./.git/objects/c1/02c1fbde8febbe5da9ed17643b5974aef9fb7e
./.git/objects/2a
./.git/objects/2a/7a6af96bcb6196f72b8553261fb7a4feab506f
./.git/objects/2a/2a46f4d07ad20c19f0a851a6012975fd45d618
./.git/objects/2a/df38e71b9e65e5a3c7c1d45a4cec3ef1d5a6d4
./.git/objects/8e
./.git/objects/8e/f7e9ef41544911f50f04fe34675296cd2d7c82
./.git/objects/8e/526a1982001a10f06d04948af20ee10109f352
./.git/objects/8e/5507d28138169af958d1368f942183ad6bcc4d
./.git/objects/8e/40d5d829c13fbb1b9ee4d6ffec916b2d99b4fd
./.git/objects/5d
./.git/objects/5d/b0e65c5e5df914765f70ebcb1b398d57f951eb
./.git/index
./.git/config
./.rspec
./vendor
./vendor/plugins
./vendor/plugins/.gitkeep
./app
./app/controllers
./app/controllers/relationships_controller.rb
./app/controllers/microposts_controller.rb
./app/controllers/application_controller.rb
./app/controllers/users_controller.rb
./app/controllers/.relationships_controller.rb.swp
./app/controllers/pages_controller.rb
./app/controllers/sessions_controller.rb
./app/models
./app/models/relationship.rb
./app/models/micropost.rb
./app/models/user.rb
./app/models/.relationship.rb.swp
./app/mailers
./app/views
./app/views/sessions
./app/views/sessions/new.html.erb
./app/views/layouts
./app/views/layouts/_stylesheets.html.erb
./app/views/layouts/_footer.html.erb
./app/views/layouts/application.html.erb
./app/views/layouts/_header.html.erb
./app/views/users
./app/views/users/show_follow.html.erb
./app/views/users/_user.html.erb
./app/views/users/_follow.html.erb
./app/views/users/edit.html.erb
./app/views/users/index.html.erb
./app/views/users/show.html.erb
./app/views/users/_follow_form.html.erb
./app/views/users/_fields.html.erb
./app/views/users/new.html.erb
./app/views/users/_unfollow.html.erb
./app/views/microposts
./app/views/microposts/_micropost.html.erb
./app/views/shared
./app/views/shared/_user_info.html.erb
./app/views/shared/_feed_item.html.erb
./app/views/shared/_stats.html.erb
./app/views/shared/_feed.html.erb
./app/views/shared/_error_messages.html.erb
./app/views/shared/_micropost_form.html.erb
./app/views/pages
./app/views/pages/home.html.erb
./app/views/pages/_home_signed_in.html.erb
./app/views/pages/about.html.erb
./app/views/pages/_home_not_signed_in.html.erb
./app/views/pages/help.html.erb
./app/views/pages/contact.html.erb
./app/helpers
./app/helpers/users_helper.rb
./app/helpers/sessions_helper.rb
./app/helpers/application_helper.rb
./app/helpers/microposts_helper.rb
./app/helpers/pages_helper.rb
./webrat.log
./Gemfile.lock
./.autotest
./public
./public/javascripts
./public/javascripts/dragdrop.js
./public/javascripts/controls.js
./public/javascripts/prototype.js
./public/javascripts/rails.js
./public/javascripts/effects.js
./public/javascripts/application.js
./public/stylesheets
./public/stylesheets/custom.css
./public/stylesheets/blueprint
./public/stylesheets/blueprint/plugins
./public/stylesheets/blueprint/plugins/buttons
./public/stylesheets/blueprint/plugins/buttons/readme.txt
./public/stylesheets/blueprint/plugins/buttons/screen.css
./public/stylesheets/blueprint/plugins/buttons/icons
./public/stylesheets/blueprint/plugins/buttons/icons/key.png
./public/stylesheets/blueprint/plugins/buttons/icons/tick.png
./public/stylesheets/blueprint/plugins/buttons/icons/cross.png
./public/stylesheets/blueprint/plugins/link-icons
./public/stylesheets/blueprint/plugins/link-icons/readme.txt
./public/stylesheets/blueprint/plugins/link-icons/screen.css
./public/stylesheets/blueprint/plugins/link-icons/icons
./public/stylesheets/blueprint/plugins/link-icons/icons/email.png
./public/stylesheets/blueprint/plugins/link-icons/icons/pdf.png
./public/stylesheets/blueprint/plugins/link-icons/icons/doc.png
./public/stylesheets/blueprint/plugins/link-icons/icons/im.png
./public/stylesheets/blueprint/plugins/link-icons/icons/xls.png
./public/stylesheets/blueprint/plugins/link-icons/icons/visited.png
./public/stylesheets/blueprint/plugins/link-icons/icons/external.png
./public/stylesheets/blueprint/plugins/link-icons/icons/feed.png
./public/stylesheets/blueprint/plugins/rtl
./public/stylesheets/blueprint/plugins/rtl/readme.txt
./public/stylesheets/blueprint/plugins/rtl/screen.css
./public/stylesheets/blueprint/plugins/fancy-type
./public/stylesheets/blueprint/plugins/fancy-type/readme.txt
./public/stylesheets/blueprint/plugins/fancy-type/screen.css
./public/stylesheets/blueprint/print.css
./public/stylesheets/blueprint/screen.css
./public/stylesheets/blueprint/src
./public/stylesheets/blueprint/src/print.css
./public/stylesheets/blueprint/src/grid.css
./public/stylesheets/blueprint/src/typography.css
./public/stylesheets/blueprint/src/ie.css
./public/stylesheets/blueprint/src/forms.css
./public/stylesheets/blueprint/src/reset.css
./public/stylesheets/blueprint/src/grid.png
./public/stylesheets/blueprint/ie.css
./public/stylesheets/.gitkeep
./public/hello.html
./public/images
./public/images/rails.png
./public/images/logo.png
./public/404.html
./public/robots.txt
./public/422.html
./public/500.html
./db
./db/test.sqlite3
./db/development.sqlite3
./db/schema.rb
./db/seeds.rb
./db/migrate
./db/migrate/20111217070042_add_admin_to_users.rb
./db/migrate/20110204231058_add_password_to_users.rb
./db/migrate/20110131210046_create_users.rb
./db/migrate/20110205010836_add_salt_to_users.rb
./db/migrate/20110202235844_add_email_uniqueness_index.rb
./db/migrate/20111219052753_create_microposts.rb
./db/migrate/20111226235615_create_relationships.rb
./config.ru
./tmp.rb
./script
./script/rails
./Rakefile
./spec
./spec/controllers
./spec/controllers/relationships_controller_spec.rb
./spec/controllers/microposts_controller_spec.rb
./spec/controllers/.relationships_controller_spec.rb.swp
./spec/controllers/users_controller_spec.rb
./spec/controllers/sessions_controller_spec.rb
./spec/controllers/pages_controller_spec.rb
./spec/requests
./spec/requests/layout_links_spec.rb
./spec/requests/microposts_spec.rb
./spec/requests/users_spec.rb
./spec/requests/friendly_forwardings_spec.rb
./spec/models
./spec/models/user_spec.rb
./spec/models/relationship_spec.rb
./spec/models/micropost_spec.rb
./spec/spec_helper.rb
./spec/factories.rb
./config
./config/environment.rb
./config/boot.rb
./config/locales
./config/locales/en.yml
./config/application.rb
./config/environments
./config/environments/development.rb
./config/environments/production.rb
./config/environments/test.rb
./config/routes.rb
./config/initializers
./config/initializers/secret_token.rb
./config/initializers/mime_types.rb
./config/initializers/backtrace_silencers.rb
./config/initializers/inflections.rb
./config/initializers/session_store.rb
./config/database.yml
./doc
./doc/README_FOR_APP
./log
./log/development.log
./log/test.log
./.gitignore
